<?xml version="1.0" encoding="UTF-8"?>
<!-- Generated by org.testng.reporters.JUnitReportReporter -->
<testsuite hostname="MKSV-LT-0173" failures="0" tests="1" name="com.aff.webTest.LoginTest" time="5.200" errors="0" timestamp="2022-01-04T17:23:35 IST" skipped="0">
  <testcase classname="com.aff.webTest.LoginTest" name="verifySuccessfulLogin" time="5.200"/>
  <system-out/>
</testsuite> <!-- com.aff.webTest.LoginTest -->
