<?xml version="1.0" encoding="UTF-8"?>
<!-- Generated by org.testng.reporters.JUnitReportReporter -->
<testsuite hostname="MKSV-LT-0173" failures="0" tests="1" name="com.aff.webTest.LoginTest" time="5.588" errors="0" timestamp="04 Jan 2022 14:37:37 GMT" skipped="0">
  <testcase classname="com.aff.webTest.LoginTest" name="verifySuccessfulLogin" time="5.588"/>
</testsuite> <!-- com.aff.webTest.LoginTest -->
